<?xml version="1.0" encoding="UTF-8"?>
<testng-results skipped="0" failed="0" ignored="0" total="1" passed="1">
  <reporter-output>
  </reporter-output>
  <suite name="Default suite" duration-ms="257" started-at="2019-01-07T06:23:04Z" finished-at="2019-01-07T06:23:04Z">
    <groups>
    </groups>
    <test name="Default test" duration-ms="257" started-at="2019-01-07T06:23:04Z" finished-at="2019-01-07T06:23:04Z">
      <class name="com.mfino.test.HttpPostTest">
        <test-method status="PASS" signature="setUp()[pri:0, instance:com.mfino.test.HttpPostTest@1d057a39]" name="setUp" is-config="true" duration-ms="9" started-at="2019-01-07T06:23:04Z" finished-at="2019-01-07T06:23:04Z">
          <reporter-output>
          </reporter-output>
        </test-method> <!-- setUp -->
        <test-method status="PASS" signature="postApi()[pri:0, instance:com.mfino.test.HttpPostTest@1d057a39]" name="postApi" duration-ms="215" started-at="2019-01-07T06:23:04Z" finished-at="2019-01-07T06:23:04Z">
          <reporter-output>
          </reporter-output>
        </test-method> <!-- postApi -->
      </class> <!-- com.mfino.test.HttpPostTest -->
    </test> <!-- Default test -->
  </suite> <!-- Default suite -->
</testng-results>
